  [1m[35m (119.9ms)[0m  [1m[35mCREATE DATABASE "boredom_breakers_development" ENCODING = 'unicode'[0m
  ↳ bin/rails:9
  [1m[35m (54.1ms)[0m  [1m[35mCREATE DATABASE "boredom_breakers_test" ENCODING = 'unicode'[0m
  ↳ bin/rails:9
  [1m[35m (9.1ms)[0m  [1m[35mCREATE TABLE "schema_migrations" ("version" character varying NOT NULL PRIMARY KEY)[0m
  ↳ bin/rails:9
  [1m[35m (5.6ms)[0m  [1m[35mCREATE TABLE "ar_internal_metadata" ("key" character varying NOT NULL PRIMARY KEY, "value" character varying, "created_at" timestamp NOT NULL, "updated_at" timestamp NOT NULL)[0m
  ↳ bin/rails:9
  [1m[35m (0.3ms)[0m  [1m[34mSELECT pg_try_advisory_lock(608864524562561505)[0m
  ↳ bin/rails:9
  [1m[35m (0.5ms)[0m  [1m[34mSELECT "schema_migrations"."version" FROM "schema_migrations" ORDER BY "schema_migrations"."version" ASC[0m
  ↳ bin/rails:9
Migrating to CreateUsers (20200727153431)
  [1m[35m (0.1ms)[0m  [1m[35mBEGIN[0m
  ↳ bin/rails:9
  [1m[35m (9.7ms)[0m  [1m[35mCREATE TABLE "users" ("id" bigserial primary key, "email" character varying NOT NULL, "name" character varying NOT NULL, "session_token" character varying, "password_digest" character varying NOT NULL, "created_at" timestamp NOT NULL, "updated_at" timestamp NOT NULL)[0m
  ↳ db/migrate/20200727153431_create_users.rb:3
  [1m[35m (0.9ms)[0m  [1m[35mCREATE UNIQUE INDEX  "index_users_on_email" ON "users"  ("email")[0m
  ↳ db/migrate/20200727153431_create_users.rb:10
  [1m[36mActiveRecord::SchemaMigration Create (0.4ms)[0m  [1m[32mINSERT INTO "schema_migrations" ("version") VALUES ($1) RETURNING "version"[0m  [["version", "20200727153431"]]
  ↳ bin/rails:9
  [1m[35m (0.3ms)[0m  [1m[35mCOMMIT[0m
  ↳ bin/rails:9
  [1m[36mActiveRecord::InternalMetadata Load (0.6ms)[0m  [1m[34mSELECT  "ar_internal_metadata".* FROM "ar_internal_metadata" WHERE "ar_internal_metadata"."key" = $1 LIMIT $2[0m  [["key", "environment"], ["LIMIT", 1]]
  ↳ bin/rails:9
  [1m[35m (0.1ms)[0m  [1m[35mBEGIN[0m
  ↳ bin/rails:9
  [1m[36mActiveRecord::InternalMetadata Create (0.4ms)[0m  [1m[32mINSERT INTO "ar_internal_metadata" ("key", "value", "created_at", "updated_at") VALUES ($1, $2, $3, $4) RETURNING "key"[0m  [["key", "environment"], ["value", "development"], ["created_at", "2020-07-27 17:13:27.008607"], ["updated_at", "2020-07-27 17:13:27.008607"]]
  ↳ bin/rails:9
  [1m[35m (0.3ms)[0m  [1m[35mCOMMIT[0m
  ↳ bin/rails:9
  [1m[35m (0.2ms)[0m  [1m[34mSELECT pg_advisory_unlock(608864524562561505)[0m
  ↳ bin/rails:9
  [1m[35m (0.2ms)[0m  [1m[34mSELECT "schema_migrations"."version" FROM "schema_migrations" ORDER BY "schema_migrations"."version" ASC[0m
  ↳ bin/rails:9
Started GET "/" for ::1 at 2020-07-27 13:41:17 -0400
  [1m[35m (1.4ms)[0m  [1m[34mSELECT "schema_migrations"."version" FROM "schema_migrations" ORDER BY "schema_migrations"."version" ASC[0m
  ↳ /Users/pure/.rbenv/versions/2.5.1/lib/ruby/gems/2.5.0/gems/activerecord-5.2.4.3/lib/active_record/log_subscriber.rb:98

ActionController::RoutingError - uninitialized constant StaticPagesController:

Started POST "/__better_errors/0ceb7cb84e53331e/variables" for ::1 at 2020-07-27 13:41:17 -0400
Started GET "/" for ::1 at 2020-07-27 13:43:15 -0400
Processing by StaticPagesController#root as HTML
  Rendering static_pages/root.html.erb within layouts/application
  [1m[36mUser Load (0.6ms)[0m  [1m[34mSELECT  "users".* FROM "users" WHERE "users"."session_token" IS NULL LIMIT $1[0m  [["LIMIT", 1]]
  ↳ app/controllers/application_controller.rb:5
  Rendered static_pages/root.html.erb within layouts/application (13.9ms)
Completed 200 OK in 1241ms (Views: 1235.7ms | ActiveRecord: 3.0ms)


Started GET "/" for ::1 at 2020-07-27 13:47:58 -0400
Processing by StaticPagesController#root as HTML
  Rendering static_pages/root.html.erb within layouts/application
  [1m[36mUser Load (0.4ms)[0m  [1m[34mSELECT  "users".* FROM "users" WHERE "users"."session_token" IS NULL LIMIT $1[0m  [["LIMIT", 1]]
  ↳ app/controllers/application_controller.rb:5
  Rendered static_pages/root.html.erb within layouts/application (8.8ms)
Completed 200 OK in 146ms (Views: 139.4ms | ActiveRecord: 4.5ms)


Started GET "/" for ::1 at 2020-07-27 13:56:24 -0400
Processing by StaticPagesController#root as HTML
  Rendering static_pages/root.html.erb within layouts/application
  [1m[36mUser Load (0.4ms)[0m  [1m[34mSELECT  "users".* FROM "users" WHERE "users"."session_token" IS NULL LIMIT $1[0m  [["LIMIT", 1]]
  ↳ app/controllers/application_controller.rb:5
  Rendered static_pages/root.html.erb within layouts/application (8.9ms)
Completed 500 Internal Server Error in 31ms (ActiveRecord: 4.6ms)



ActionView::Template::Error - couldn't find file 'jquery' with type 'application/javascript'
Checked in these paths: 
  /Users/pure/Desktop/boredom_breakers/app/assets/config
  /Users/pure/Desktop/boredom_breakers/app/assets/images
  /Users/pure/Desktop/boredom_breakers/app/assets/javascripts
  /Users/pure/Desktop/boredom_breakers/app/assets/stylesheets
  /Users/pure/.rbenv/versions/2.5.1/lib/ruby/gems/2.5.0/gems/coffee-rails-4.2.2/lib/assets/javascripts
  /Users/pure/.rbenv/versions/2.5.1/lib/ruby/gems/2.5.0/gems/actioncable-5.2.4.3/lib/assets/compiled
  /Users/pure/.rbenv/versions/2.5.1/lib/ruby/gems/2.5.0/gems/activestorage-5.2.4.3/app/assets/javascripts
  /Users/pure/.rbenv/versions/2.5.1/lib/ruby/gems/2.5.0/gems/actionview-5.2.4.3/lib/assets/compiled
  /Users/pure/Desktop/boredom_breakers/node_modules:
  app/views/layouts/application.html.erb:9:in `view template'

Started POST "/__better_errors/e63789ac4f3cbef6/variables" for ::1 at 2020-07-27 13:56:24 -0400
Started GET "/" for ::1 at 2020-07-27 13:57:36 -0400
Processing by StaticPagesController#root as HTML
  Rendering static_pages/root.html.erb within layouts/application
  [1m[36mUser Load (0.4ms)[0m  [1m[34mSELECT  "users".* FROM "users" WHERE "users"."session_token" IS NULL LIMIT $1[0m  [["LIMIT", 1]]
  ↳ app/controllers/application_controller.rb:5
  Rendered static_pages/root.html.erb within layouts/application (2.2ms)
Completed 200 OK in 274ms (Views: 272.1ms | ActiveRecord: 0.4ms)


Started GET "/" for ::1 at 2020-07-27 13:58:12 -0400
Processing by StaticPagesController#root as HTML
  Rendering static_pages/root.html.erb within layouts/application
  [1m[36mUser Load (0.8ms)[0m  [1m[34mSELECT  "users".* FROM "users" WHERE "users"."session_token" IS NULL LIMIT $1[0m  [["LIMIT", 1]]
  ↳ app/controllers/application_controller.rb:5
  Rendered static_pages/root.html.erb within layouts/application (2.6ms)
Completed 200 OK in 266ms (Views: 263.5ms | ActiveRecord: 0.8ms)


Started GET "/" for ::1 at 2020-07-27 14:00:01 -0400
Processing by StaticPagesController#root as HTML
  Rendering static_pages/root.html.erb within layouts/application
  [1m[36mUser Load (0.4ms)[0m  [1m[34mSELECT  "users".* FROM "users" WHERE "users"."session_token" IS NULL LIMIT $1[0m  [["LIMIT", 1]]
  ↳ app/controllers/application_controller.rb:5
  Rendered static_pages/root.html.erb within layouts/application (1.5ms)
Completed 500 Internal Server Error in 21ms (ActiveRecord: 0.4ms)



ActionView::Template::Error - couldn't find file 'jquery' with type 'application/javascript'
Checked in these paths: 
  /Users/pure/Desktop/boredom_breakers/app/assets/config
  /Users/pure/Desktop/boredom_breakers/app/assets/images
  /Users/pure/Desktop/boredom_breakers/app/assets/javascripts
  /Users/pure/Desktop/boredom_breakers/app/assets/stylesheets
  /Users/pure/.rbenv/versions/2.5.1/lib/ruby/gems/2.5.0/gems/coffee-rails-4.2.2/lib/assets/javascripts
  /Users/pure/.rbenv/versions/2.5.1/lib/ruby/gems/2.5.0/gems/actioncable-5.2.4.3/lib/assets/compiled
  /Users/pure/.rbenv/versions/2.5.1/lib/ruby/gems/2.5.0/gems/activestorage-5.2.4.3/app/assets/javascripts
  /Users/pure/.rbenv/versions/2.5.1/lib/ruby/gems/2.5.0/gems/actionview-5.2.4.3/lib/assets/compiled
  /Users/pure/Desktop/boredom_breakers/node_modules:
  app/views/layouts/application.html.erb:9:in `view template'

Started POST "/__better_errors/aaa01785375da0e8/variables" for ::1 at 2020-07-27 14:00:01 -0400
Started GET "/" for ::1 at 2020-07-27 14:01:28 -0400
Processing by StaticPagesController#root as HTML
  Rendering static_pages/root.html.erb within layouts/application
  [1m[36mUser Load (0.4ms)[0m  [1m[34mSELECT  "users".* FROM "users" WHERE "users"."session_token" IS NULL LIMIT $1[0m  [["LIMIT", 1]]
  ↳ app/controllers/application_controller.rb:5
  Rendered static_pages/root.html.erb within layouts/application (1.6ms)
Completed 500 Internal Server Error in 24ms (ActiveRecord: 0.4ms)



ActionView::Template::Error - couldn't find file 'jquery' with type 'application/javascript'
Checked in these paths: 
  /Users/pure/Desktop/boredom_breakers/app/assets/config
  /Users/pure/Desktop/boredom_breakers/app/assets/images
  /Users/pure/Desktop/boredom_breakers/app/assets/javascripts
  /Users/pure/Desktop/boredom_breakers/app/assets/stylesheets
  /Users/pure/.rbenv/versions/2.5.1/lib/ruby/gems/2.5.0/gems/coffee-rails-4.2.2/lib/assets/javascripts
  /Users/pure/.rbenv/versions/2.5.1/lib/ruby/gems/2.5.0/gems/actioncable-5.2.4.3/lib/assets/compiled
  /Users/pure/.rbenv/versions/2.5.1/lib/ruby/gems/2.5.0/gems/activestorage-5.2.4.3/app/assets/javascripts
  /Users/pure/.rbenv/versions/2.5.1/lib/ruby/gems/2.5.0/gems/actionview-5.2.4.3/lib/assets/compiled
  /Users/pure/Desktop/boredom_breakers/node_modules:
  app/views/layouts/application.html.erb:9:in `view template'

Started POST "/__better_errors/9c9a26ea12d519c9/variables" for ::1 at 2020-07-27 14:01:28 -0400
Started GET "/" for ::1 at 2020-07-27 14:01:31 -0400
Processing by StaticPagesController#root as HTML
  Rendering static_pages/root.html.erb within layouts/application
  [1m[36mUser Load (0.5ms)[0m  [1m[34mSELECT  "users".* FROM "users" WHERE "users"."session_token" IS NULL LIMIT $1[0m  [["LIMIT", 1]]
  ↳ app/controllers/application_controller.rb:5
  Rendered static_pages/root.html.erb within layouts/application (1.9ms)
Completed 500 Internal Server Error in 20ms (ActiveRecord: 0.5ms)



ActionView::Template::Error - couldn't find file 'jquery' with type 'application/javascript'
Checked in these paths: 
  /Users/pure/Desktop/boredom_breakers/app/assets/config
  /Users/pure/Desktop/boredom_breakers/app/assets/images
  /Users/pure/Desktop/boredom_breakers/app/assets/javascripts
  /Users/pure/Desktop/boredom_breakers/app/assets/stylesheets
  /Users/pure/.rbenv/versions/2.5.1/lib/ruby/gems/2.5.0/gems/coffee-rails-4.2.2/lib/assets/javascripts
  /Users/pure/.rbenv/versions/2.5.1/lib/ruby/gems/2.5.0/gems/actioncable-5.2.4.3/lib/assets/compiled
  /Users/pure/.rbenv/versions/2.5.1/lib/ruby/gems/2.5.0/gems/activestorage-5.2.4.3/app/assets/javascripts
  /Users/pure/.rbenv/versions/2.5.1/lib/ruby/gems/2.5.0/gems/actionview-5.2.4.3/lib/assets/compiled
  /Users/pure/Desktop/boredom_breakers/node_modules:
  app/views/layouts/application.html.erb:9:in `view template'

Started POST "/__better_errors/0e6956033318f9f6/variables" for ::1 at 2020-07-27 14:01:31 -0400
Started GET "/" for ::1 at 2020-07-27 14:02:17 -0400
Processing by StaticPagesController#root as HTML
  Rendering static_pages/root.html.erb within layouts/application
  [1m[36mUser Load (0.3ms)[0m  [1m[34mSELECT  "users".* FROM "users" WHERE "users"."session_token" IS NULL LIMIT $1[0m  [["LIMIT", 1]]
  ↳ app/controllers/application_controller.rb:5
  Rendered static_pages/root.html.erb within layouts/application (2.0ms)
Completed 500 Internal Server Error in 29ms (ActiveRecord: 0.3ms)



ActionView::Template::Error - couldn't find file 'jquery' with type 'application/javascript'
Checked in these paths: 
  /Users/pure/Desktop/boredom_breakers/app/assets/config
  /Users/pure/Desktop/boredom_breakers/app/assets/images
  /Users/pure/Desktop/boredom_breakers/app/assets/javascripts
  /Users/pure/Desktop/boredom_breakers/app/assets/stylesheets
  /Users/pure/.rbenv/versions/2.5.1/lib/ruby/gems/2.5.0/gems/coffee-rails-4.2.2/lib/assets/javascripts
  /Users/pure/.rbenv/versions/2.5.1/lib/ruby/gems/2.5.0/gems/actioncable-5.2.4.3/lib/assets/compiled
  /Users/pure/.rbenv/versions/2.5.1/lib/ruby/gems/2.5.0/gems/activestorage-5.2.4.3/app/assets/javascripts
  /Users/pure/.rbenv/versions/2.5.1/lib/ruby/gems/2.5.0/gems/actionview-5.2.4.3/lib/assets/compiled
  /Users/pure/Desktop/boredom_breakers/node_modules:
  app/views/layouts/application.html.erb:9:in `view template'

Started POST "/__better_errors/7b1aca6b8612f41a/variables" for ::1 at 2020-07-27 14:02:17 -0400
Started GET "/" for ::1 at 2020-07-27 14:02:18 -0400
Processing by StaticPagesController#root as HTML
  Rendering static_pages/root.html.erb within layouts/application
  [1m[36mUser Load (0.2ms)[0m  [1m[34mSELECT  "users".* FROM "users" WHERE "users"."session_token" IS NULL LIMIT $1[0m  [["LIMIT", 1]]
  ↳ app/controllers/application_controller.rb:5
  Rendered static_pages/root.html.erb within layouts/application (1.3ms)
Completed 500 Internal Server Error in 22ms (ActiveRecord: 0.2ms)



ActionView::Template::Error - couldn't find file 'jquery' with type 'application/javascript'
Checked in these paths: 
  /Users/pure/Desktop/boredom_breakers/app/assets/config
  /Users/pure/Desktop/boredom_breakers/app/assets/images
  /Users/pure/Desktop/boredom_breakers/app/assets/javascripts
  /Users/pure/Desktop/boredom_breakers/app/assets/stylesheets
  /Users/pure/.rbenv/versions/2.5.1/lib/ruby/gems/2.5.0/gems/coffee-rails-4.2.2/lib/assets/javascripts
  /Users/pure/.rbenv/versions/2.5.1/lib/ruby/gems/2.5.0/gems/actioncable-5.2.4.3/lib/assets/compiled
  /Users/pure/.rbenv/versions/2.5.1/lib/ruby/gems/2.5.0/gems/activestorage-5.2.4.3/app/assets/javascripts
  /Users/pure/.rbenv/versions/2.5.1/lib/ruby/gems/2.5.0/gems/actionview-5.2.4.3/lib/assets/compiled
  /Users/pure/Desktop/boredom_breakers/node_modules:
  app/views/layouts/application.html.erb:9:in `view template'

Started POST "/__better_errors/e44c53abe673d811/variables" for ::1 at 2020-07-27 14:02:18 -0400
Started GET "/" for ::1 at 2020-07-27 14:03:35 -0400
  [1m[35m (0.7ms)[0m  [1m[34mSELECT "schema_migrations"."version" FROM "schema_migrations" ORDER BY "schema_migrations"."version" ASC[0m
  ↳ /Users/pure/.rbenv/versions/2.5.1/lib/ruby/gems/2.5.0/gems/activerecord-5.2.4.3/lib/active_record/log_subscriber.rb:98
Processing by StaticPagesController#root as HTML
  Rendering static_pages/root.html.erb within layouts/application
  [1m[36mUser Load (0.5ms)[0m  [1m[34mSELECT  "users".* FROM "users" WHERE "users"."session_token" IS NULL LIMIT $1[0m  [["LIMIT", 1]]
  ↳ app/controllers/application_controller.rb:5
  Rendered static_pages/root.html.erb within layouts/application (20.5ms)
Completed 200 OK in 1115ms (Views: 1109.9ms | ActiveRecord: 2.7ms)


Started POST "/api/users" for ::1 at 2020-07-27 14:05:52 -0400
Processing by Api::UsersController#create as JSON
  Parameters: {"user"=>{"email"=>"pkupchick@gmail.com", "name"=>"Peter Kupchick", "password"=>"[FILTERED]"}}
  [1m[35m (0.2ms)[0m  [1m[35mBEGIN[0m
  ↳ app/controllers/api/users_controller.rb:4
  [1m[35m (1.6ms)[0m  [1m[31mROLLBACK[0m
  ↳ app/controllers/api/users_controller.rb:4
Completed 500 Internal Server Error in 212ms (ActiveRecord: 8.3ms)



NoMethodError - undefined method `username' for #<User:0x00007fc31c620cf0>:
  app/controllers/api/users_controller.rb:4:in `create'

Started GET "/" for ::1 at 2020-07-27 14:08:09 -0400
Processing by StaticPagesController#root as HTML
  Rendering static_pages/root.html.erb within layouts/application
  [1m[36mUser Load (0.4ms)[0m  [1m[34mSELECT  "users".* FROM "users" WHERE "users"."session_token" IS NULL LIMIT $1[0m  [["LIMIT", 1]]
  ↳ app/controllers/application_controller.rb:5
  Rendered static_pages/root.html.erb within layouts/application (8.2ms)
Completed 200 OK in 34ms (Views: 27.7ms | ActiveRecord: 4.3ms)


Started POST "/api/users" for ::1 at 2020-07-27 14:08:14 -0400
Processing by Api::UsersController#create as JSON
  Parameters: {"user"=>{"email"=>"pkupchick@gmail.com", "name"=>"Peter Kupchick", "password"=>"[FILTERED]"}}
  [1m[35m (0.1ms)[0m  [1m[35mBEGIN[0m
  ↳ app/controllers/api/users_controller.rb:4
  [1m[36mUser Exists (0.7ms)[0m  [1m[34mSELECT  1 AS one FROM "users" WHERE "users"."email" = $1 LIMIT $2[0m  [["email", "pkupchick@gmail.com"], ["LIMIT", 1]]
  ↳ app/controllers/api/users_controller.rb:4
  [1m[36mUser Exists (0.3ms)[0m  [1m[34mSELECT  1 AS one FROM "users" WHERE "users"."session_token" = $1 LIMIT $2[0m  [["session_token", "CEZ7GPKVpQFv-CZCP35ztA"], ["LIMIT", 1]]
  ↳ app/controllers/api/users_controller.rb:4
  [1m[36mUser Create (0.7ms)[0m  [1m[32mINSERT INTO "users" ("email", "name", "session_token", "password_digest", "created_at", "updated_at") VALUES ($1, $2, $3, $4, $5, $6) RETURNING "id"[0m  [["email", "pkupchick@gmail.com"], ["name", "Peter Kupchick"], ["session_token", "CEZ7GPKVpQFv-CZCP35ztA"], ["password_digest", "$2a$12$bN.Z09X0.1E5qeJ5AKDD8e3CRy/umsE0mogf67bsDhzckClR.kghS"], ["created_at", "2020-07-27 18:08:14.597832"], ["updated_at", "2020-07-27 18:08:14.597832"]]
  ↳ app/controllers/api/users_controller.rb:4
  [1m[35m (1.0ms)[0m  [1m[35mCOMMIT[0m
  ↳ app/controllers/api/users_controller.rb:4
  [1m[35m (0.1ms)[0m  [1m[35mBEGIN[0m
  ↳ app/models/user.rb:36
  [1m[36mUser Exists (0.9ms)[0m  [1m[34mSELECT  1 AS one FROM "users" WHERE "users"."email" = $1 AND "users"."id" != $2 LIMIT $3[0m  [["email", "pkupchick@gmail.com"], ["id", 1], ["LIMIT", 1]]
  ↳ app/models/user.rb:36
  [1m[36mUser Exists (0.2ms)[0m  [1m[34mSELECT  1 AS one FROM "users" WHERE "users"."session_token" = $1 AND "users"."id" != $2 LIMIT $3[0m  [["session_token", "DE--0nGXnxSjG3qD9sfRGA"], ["id", 1], ["LIMIT", 1]]
  ↳ app/models/user.rb:36
  [1m[36mUser Update (0.4ms)[0m  [1m[33mUPDATE "users" SET "session_token" = $1, "updated_at" = $2 WHERE "users"."id" = $3[0m  [["session_token", "DE--0nGXnxSjG3qD9sfRGA"], ["updated_at", "2020-07-27 18:08:14.603119"], ["id", 1]]
  ↳ app/models/user.rb:36
  [1m[35m (0.3ms)[0m  [1m[35mCOMMIT[0m
  ↳ app/models/user.rb:36
  Rendering api/users/show.json.jbuilder
  Rendered api/users/_user.json.jbuilder (0.2ms)
  Rendered api/users/show.json.jbuilder (1.4ms)
Completed 200 OK in 240ms (Views: 9.3ms | ActiveRecord: 8.6ms)


  [1m[36mUser Load (0.6ms)[0m  [1m[34mSELECT "users".* FROM "users"[0m
Started POST "/api/session" for ::1 at 2020-07-27 14:09:52 -0400
Processing by Api::SessionsController#create as JSON
  Parameters: {"user"=>{"email"=>"pkupchick@gmail.com", "name"=>"Peter Kupchick", "password"=>"[FILTERED]"}}
  [1m[36mUser Load (0.3ms)[0m  [1m[34mSELECT  "users".* FROM "users" WHERE "users"."email" = $1 LIMIT $2[0m  [["email", "pkupchick@gmail.com"], ["LIMIT", 1]]
  ↳ app/models/user.rb:16
  [1m[35m (0.1ms)[0m  [1m[35mBEGIN[0m
  ↳ app/models/user.rb:36
  [1m[36mUser Exists (0.3ms)[0m  [1m[34mSELECT  1 AS one FROM "users" WHERE "users"."email" = $1 AND "users"."id" != $2 LIMIT $3[0m  [["email", "pkupchick@gmail.com"], ["id", 1], ["LIMIT", 1]]
  ↳ app/models/user.rb:36
  [1m[36mUser Exists (0.2ms)[0m  [1m[34mSELECT  1 AS one FROM "users" WHERE "users"."session_token" = $1 AND "users"."id" != $2 LIMIT $3[0m  [["session_token", "LYGZOJdV5ctrw7C82pKneA"], ["id", 1], ["LIMIT", 1]]
  ↳ app/models/user.rb:36
  [1m[36mUser Update (0.3ms)[0m  [1m[33mUPDATE "users" SET "session_token" = $1, "updated_at" = $2 WHERE "users"."id" = $3[0m  [["session_token", "LYGZOJdV5ctrw7C82pKneA"], ["updated_at", "2020-07-27 18:09:52.230587"], ["id", 1]]
  ↳ app/models/user.rb:36
  [1m[35m (0.5ms)[0m  [1m[35mCOMMIT[0m
  ↳ app/models/user.rb:36
  Rendering api/users/show.json.jbuilder
  Rendered api/users/_user.json.jbuilder (0.2ms)
  Rendered api/users/show.json.jbuilder (1.1ms)
Completed 200 OK in 213ms (Views: 6.8ms | ActiveRecord: 1.6ms)


Started DELETE "/api/session" for ::1 at 2020-07-27 14:10:55 -0400
Processing by Api::SessionsController#destroy as JSON
  [1m[36mUser Load (0.3ms)[0m  [1m[34mSELECT  "users".* FROM "users" WHERE "users"."session_token" = $1 LIMIT $2[0m  [["session_token", "LYGZOJdV5ctrw7C82pKneA"], ["LIMIT", 1]]
  ↳ app/controllers/application_controller.rb:5
  [1m[36mCACHE User Load (0.0ms)[0m  [1m[34mSELECT  "users".* FROM "users" WHERE "users"."session_token" = $1 LIMIT $2[0m  [["session_token", "LYGZOJdV5ctrw7C82pKneA"], ["LIMIT", 1]]
  ↳ app/controllers/application_controller.rb:5
  [1m[35m (0.2ms)[0m  [1m[35mBEGIN[0m
  ↳ app/models/user.rb:36
  [1m[36mUser Exists (0.7ms)[0m  [1m[34mSELECT  1 AS one FROM "users" WHERE "users"."email" = $1 AND "users"."id" != $2 LIMIT $3[0m  [["email", "pkupchick@gmail.com"], ["id", 1], ["LIMIT", 1]]
  ↳ app/models/user.rb:36
  [1m[36mUser Exists (0.5ms)[0m  [1m[34mSELECT  1 AS one FROM "users" WHERE "users"."session_token" = $1 AND "users"."id" != $2 LIMIT $3[0m  [["session_token", "lWHDQpeFgiekTiSA4lcAZw"], ["id", 1], ["LIMIT", 1]]
  ↳ app/models/user.rb:36
  [1m[36mUser Update (0.7ms)[0m  [1m[33mUPDATE "users" SET "session_token" = $1, "updated_at" = $2 WHERE "users"."id" = $3[0m  [["session_token", "lWHDQpeFgiekTiSA4lcAZw"], ["updated_at", "2020-07-27 18:10:55.537842"], ["id", 1]]
  ↳ app/models/user.rb:36
  [1m[35m (0.7ms)[0m  [1m[35mCOMMIT[0m
  ↳ app/models/user.rb:36
Completed 200 OK in 10ms (Views: 0.1ms | ActiveRecord: 3.2ms)


Started GET "/" for ::1 at 2020-07-27 14:39:51 -0400
Processing by StaticPagesController#root as HTML
  Rendering static_pages/root.html.erb within layouts/application
  [1m[36mUser Load (0.6ms)[0m  [1m[34mSELECT  "users".* FROM "users" WHERE "users"."session_token" IS NULL LIMIT $1[0m  [["LIMIT", 1]]
  ↳ app/controllers/application_controller.rb:5
  Rendered static_pages/root.html.erb within layouts/application (2.6ms)
Completed 200 OK in 248ms (Views: 245.8ms | ActiveRecord: 0.8ms)


Started GET "/" for ::1 at 2020-07-27 14:40:55 -0400
Processing by StaticPagesController#root as HTML
  Rendering static_pages/root.html.erb within layouts/application
  [1m[36mUser Load (0.3ms)[0m  [1m[34mSELECT  "users".* FROM "users" WHERE "users"."session_token" IS NULL LIMIT $1[0m  [["LIMIT", 1]]
  ↳ app/controllers/application_controller.rb:5
  Rendered static_pages/root.html.erb within layouts/application (1.6ms)
Completed 200 OK in 278ms (Views: 275.6ms | ActiveRecord: 0.3ms)


Started GET "/" for ::1 at 2020-07-27 14:48:23 -0400
Processing by StaticPagesController#root as HTML
  Rendering static_pages/root.html.erb within layouts/application
  [1m[36mUser Load (0.6ms)[0m  [1m[34mSELECT  "users".* FROM "users" WHERE "users"."session_token" IS NULL LIMIT $1[0m  [["LIMIT", 1]]
  ↳ app/controllers/application_controller.rb:5
  Rendered static_pages/root.html.erb within layouts/application (2.6ms)
Completed 200 OK in 271ms (Views: 268.3ms | ActiveRecord: 0.8ms)


Started GET "/" for ::1 at 2020-07-27 14:48:45 -0400
Processing by StaticPagesController#root as HTML
  Rendering static_pages/root.html.erb within layouts/application
  [1m[36mUser Load (0.4ms)[0m  [1m[34mSELECT  "users".* FROM "users" WHERE "users"."session_token" IS NULL LIMIT $1[0m  [["LIMIT", 1]]
  ↳ app/controllers/application_controller.rb:5
  Rendered static_pages/root.html.erb within layouts/application (1.7ms)
Completed 200 OK in 312ms (Views: 309.7ms | ActiveRecord: 0.4ms)


Started GET "/" for ::1 at 2020-07-27 14:56:26 -0400
Processing by StaticPagesController#root as HTML
  Rendering static_pages/root.html.erb within layouts/application
  [1m[36mUser Load (0.5ms)[0m  [1m[34mSELECT  "users".* FROM "users" WHERE "users"."session_token" IS NULL LIMIT $1[0m  [["LIMIT", 1]]
  ↳ app/controllers/application_controller.rb:5
  Rendered static_pages/root.html.erb within layouts/application (3.0ms)
Completed 200 OK in 351ms (Views: 348.8ms | ActiveRecord: 0.7ms)


Started GET "/" for ::1 at 2020-07-27 14:57:56 -0400
Processing by StaticPagesController#root as HTML
  Rendering static_pages/root.html.erb within layouts/application
  [1m[36mUser Load (0.3ms)[0m  [1m[34mSELECT  "users".* FROM "users" WHERE "users"."session_token" IS NULL LIMIT $1[0m  [["LIMIT", 1]]
  ↳ app/controllers/application_controller.rb:5
  Rendered static_pages/root.html.erb within layouts/application (1.6ms)
Completed 200 OK in 26ms (Views: 23.4ms | ActiveRecord: 0.3ms)


Started GET "/" for ::1 at 2020-07-27 14:57:57 -0400
Processing by StaticPagesController#root as HTML
  Rendering static_pages/root.html.erb within layouts/application
  [1m[36mUser Load (0.3ms)[0m  [1m[34mSELECT  "users".* FROM "users" WHERE "users"."session_token" IS NULL LIMIT $1[0m  [["LIMIT", 1]]
  ↳ app/controllers/application_controller.rb:5
  Rendered static_pages/root.html.erb within layouts/application (1.3ms)
Completed 200 OK in 25ms (Views: 22.5ms | ActiveRecord: 0.3ms)


Started GET "/" for ::1 at 2020-07-27 14:58:24 -0400
Processing by StaticPagesController#root as HTML
  Rendering static_pages/root.html.erb within layouts/application
  [1m[36mUser Load (0.4ms)[0m  [1m[34mSELECT  "users".* FROM "users" WHERE "users"."session_token" IS NULL LIMIT $1[0m  [["LIMIT", 1]]
  ↳ app/controllers/application_controller.rb:5
  Rendered static_pages/root.html.erb within layouts/application (1.6ms)
Completed 200 OK in 27ms (Views: 24.3ms | ActiveRecord: 0.4ms)


Started GET "/" for ::1 at 2020-07-27 14:58:25 -0400
Processing by StaticPagesController#root as HTML
  Rendering static_pages/root.html.erb within layouts/application
  [1m[36mUser Load (0.3ms)[0m  [1m[34mSELECT  "users".* FROM "users" WHERE "users"."session_token" IS NULL LIMIT $1[0m  [["LIMIT", 1]]
  ↳ app/controllers/application_controller.rb:5
  Rendered static_pages/root.html.erb within layouts/application (1.5ms)
Completed 200 OK in 24ms (Views: 22.0ms | ActiveRecord: 0.3ms)


Started GET "/" for ::1 at 2020-07-27 14:59:24 -0400
Processing by StaticPagesController#root as HTML
  Rendering static_pages/root.html.erb within layouts/application
  [1m[36mUser Load (0.3ms)[0m  [1m[34mSELECT  "users".* FROM "users" WHERE "users"."session_token" IS NULL LIMIT $1[0m  [["LIMIT", 1]]
  ↳ app/controllers/application_controller.rb:5
  Rendered static_pages/root.html.erb within layouts/application (1.5ms)
Completed 200 OK in 342ms (Views: 339.2ms | ActiveRecord: 0.3ms)


Started GET "/" for ::1 at 2020-07-27 15:00:04 -0400
Processing by StaticPagesController#root as HTML
  Rendering static_pages/root.html.erb within layouts/application
  [1m[36mUser Load (0.2ms)[0m  [1m[34mSELECT  "users".* FROM "users" WHERE "users"."session_token" IS NULL LIMIT $1[0m  [["LIMIT", 1]]
  ↳ app/controllers/application_controller.rb:5
  Rendered static_pages/root.html.erb within layouts/application (1.4ms)
Completed 200 OK in 26ms (Views: 23.8ms | ActiveRecord: 0.2ms)


Started GET "/" for ::1 at 2020-07-27 15:00:16 -0400
Processing by StaticPagesController#root as HTML
  Rendering static_pages/root.html.erb within layouts/application
  [1m[36mUser Load (0.3ms)[0m  [1m[34mSELECT  "users".* FROM "users" WHERE "users"."session_token" IS NULL LIMIT $1[0m  [["LIMIT", 1]]
  ↳ app/controllers/application_controller.rb:5
  Rendered static_pages/root.html.erb within layouts/application (1.8ms)
Completed 200 OK in 308ms (Views: 304.6ms | ActiveRecord: 0.3ms)


Started GET "/" for ::1 at 2020-07-27 15:00:49 -0400
Processing by StaticPagesController#root as HTML
  Rendering static_pages/root.html.erb within layouts/application
  [1m[36mUser Load (0.2ms)[0m  [1m[34mSELECT  "users".* FROM "users" WHERE "users"."session_token" IS NULL LIMIT $1[0m  [["LIMIT", 1]]
  ↳ app/controllers/application_controller.rb:5
  Rendered static_pages/root.html.erb within layouts/application (1.6ms)
Completed 200 OK in 322ms (Views: 318.9ms | ActiveRecord: 0.2ms)


Started GET "/" for ::1 at 2020-07-27 15:02:48 -0400
Processing by StaticPagesController#root as HTML
  Rendering static_pages/root.html.erb within layouts/application
  [1m[36mUser Load (0.2ms)[0m  [1m[34mSELECT  "users".* FROM "users" WHERE "users"."session_token" IS NULL LIMIT $1[0m  [["LIMIT", 1]]
  ↳ app/controllers/application_controller.rb:5
  Rendered static_pages/root.html.erb within layouts/application (1.6ms)
Completed 200 OK in 294ms (Views: 292.3ms | ActiveRecord: 0.2ms)


Started GET "/" for ::1 at 2020-07-27 15:02:55 -0400
Processing by StaticPagesController#root as HTML
  Rendering static_pages/root.html.erb within layouts/application
  [1m[36mUser Load (0.2ms)[0m  [1m[34mSELECT  "users".* FROM "users" WHERE "users"."session_token" IS NULL LIMIT $1[0m  [["LIMIT", 1]]
  ↳ app/controllers/application_controller.rb:5
  Rendered static_pages/root.html.erb within layouts/application (1.3ms)
Completed 200 OK in 25ms (Views: 22.4ms | ActiveRecord: 0.2ms)


Started GET "/" for ::1 at 2020-07-27 15:19:09 -0400
Processing by StaticPagesController#root as HTML
  Rendering static_pages/root.html.erb within layouts/application
  [1m[36mUser Load (0.8ms)[0m  [1m[34mSELECT  "users".* FROM "users" WHERE "users"."session_token" IS NULL LIMIT $1[0m  [["LIMIT", 1]]
  ↳ app/controllers/application_controller.rb:5
  Rendered static_pages/root.html.erb within layouts/application (2.8ms)
Completed 200 OK in 32ms (Views: 29.0ms | ActiveRecord: 0.9ms)


Started GET "/" for ::1 at 2020-07-27 15:21:55 -0400
Processing by StaticPagesController#root as HTML
  Rendering static_pages/root.html.erb within layouts/application
  [1m[36mUser Load (0.3ms)[0m  [1m[34mSELECT  "users".* FROM "users" WHERE "users"."session_token" IS NULL LIMIT $1[0m  [["LIMIT", 1]]
  ↳ app/controllers/application_controller.rb:5
  Rendered static_pages/root.html.erb within layouts/application (1.3ms)
Completed 200 OK in 311ms (Views: 307.9ms | ActiveRecord: 0.3ms)


Started GET "/" for ::1 at 2020-07-27 15:45:43 -0400
Processing by StaticPagesController#root as HTML
  Rendering static_pages/root.html.erb within layouts/application
  [1m[36mUser Load (0.4ms)[0m  [1m[34mSELECT  "users".* FROM "users" WHERE "users"."session_token" IS NULL LIMIT $1[0m  [["LIMIT", 1]]
  ↳ app/controllers/application_controller.rb:5
  Rendered static_pages/root.html.erb within layouts/application (12.0ms)
Completed 200 OK in 296ms (Views: 286.7ms | ActiveRecord: 6.9ms)


Started POST "/api/verify_user" for ::1 at 2020-07-27 15:47:29 -0400
Processing by Api::UsersController#verify as JSON
  Parameters: {"user"=>{"email"=>"pkupchick@gmail.com"}}
  [1m[36mUser Load (0.4ms)[0m  [1m[34mSELECT  "users".* FROM "users" WHERE "users"."email" = $1 LIMIT $2[0m  [["email", "pkupchick@gmail.com"], ["LIMIT", 1]]
  ↳ app/controllers/api/users_controller.rb:28
  Rendering api/users/show.json.jbuilder
  Rendered api/users/_user.json.jbuilder (0.3ms)
  Rendered api/users/show.json.jbuilder (1.8ms)
Completed 200 OK in 24ms (Views: 10.1ms | ActiveRecord: 6.9ms)


Started POST "/api/verify_user" for ::1 at 2020-07-27 15:48:24 -0400
Processing by Api::UsersController#verify as JSON
  Parameters: {"user"=>{"email"=>"john@shit.com"}}
  [1m[36mUser Load (0.6ms)[0m  [1m[34mSELECT  "users".* FROM "users" WHERE "users"."email" = $1 LIMIT $2[0m  [["email", "john@shit.com"], ["LIMIT", 1]]
  ↳ app/controllers/api/users_controller.rb:28
Completed 200 OK in 2ms (Views: 0.3ms | ActiveRecord: 0.6ms)


Started GET "/" for ::1 at 2020-07-27 15:51:51 -0400
Processing by StaticPagesController#root as HTML
  Rendering static_pages/root.html.erb within layouts/application
  [1m[36mUser Load (0.7ms)[0m  [1m[34mSELECT  "users".* FROM "users" WHERE "users"."session_token" IS NULL LIMIT $1[0m  [["LIMIT", 1]]
  ↳ app/controllers/application_controller.rb:5
  Rendered static_pages/root.html.erb within layouts/application (3.2ms)
Completed 200 OK in 336ms (Views: 333.1ms | ActiveRecord: 0.7ms)


Started GET "/" for ::1 at 2020-07-27 15:54:31 -0400
Processing by StaticPagesController#root as HTML
  Rendering static_pages/root.html.erb within layouts/application
  [1m[36mUser Load (0.3ms)[0m  [1m[34mSELECT  "users".* FROM "users" WHERE "users"."session_token" IS NULL LIMIT $1[0m  [["LIMIT", 1]]
  ↳ app/controllers/application_controller.rb:5
  Rendered static_pages/root.html.erb within layouts/application (2.1ms)
Completed 200 OK in 311ms (Views: 309.1ms | ActiveRecord: 0.3ms)


Started GET "/" for ::1 at 2020-07-27 16:05:23 -0400
Processing by StaticPagesController#root as HTML
  Rendering static_pages/root.html.erb within layouts/application
  [1m[36mUser Load (0.5ms)[0m  [1m[34mSELECT  "users".* FROM "users" WHERE "users"."session_token" IS NULL LIMIT $1[0m  [["LIMIT", 1]]
  ↳ app/controllers/application_controller.rb:5
  Rendered static_pages/root.html.erb within layouts/application (2.3ms)
Completed 200 OK in 283ms (Views: 280.3ms | ActiveRecord: 0.6ms)


Started GET "/" for ::1 at 2020-07-27 16:10:56 -0400
Processing by StaticPagesController#root as HTML
  Rendering static_pages/root.html.erb within layouts/application
  [1m[36mUser Load (0.5ms)[0m  [1m[34mSELECT  "users".* FROM "users" WHERE "users"."session_token" IS NULL LIMIT $1[0m  [["LIMIT", 1]]
  ↳ app/controllers/application_controller.rb:5
  Rendered static_pages/root.html.erb within layouts/application (2.3ms)
Completed 200 OK in 301ms (Views: 297.1ms | ActiveRecord: 0.7ms)


Started GET "/" for ::1 at 2020-07-27 16:11:20 -0400
Processing by StaticPagesController#root as HTML
  Rendering static_pages/root.html.erb within layouts/application
  [1m[36mUser Load (0.6ms)[0m  [1m[34mSELECT  "users".* FROM "users" WHERE "users"."session_token" IS NULL LIMIT $1[0m  [["LIMIT", 1]]
  ↳ app/controllers/application_controller.rb:5
  Rendered static_pages/root.html.erb within layouts/application (2.6ms)
Completed 200 OK in 324ms (Views: 320.9ms | ActiveRecord: 0.6ms)


Started GET "/" for ::1 at 2020-07-27 16:12:21 -0400
Processing by StaticPagesController#root as HTML
  Rendering static_pages/root.html.erb within layouts/application
  [1m[36mUser Load (0.5ms)[0m  [1m[34mSELECT  "users".* FROM "users" WHERE "users"."session_token" IS NULL LIMIT $1[0m  [["LIMIT", 1]]
  ↳ app/controllers/application_controller.rb:5
  Rendered static_pages/root.html.erb within layouts/application (2.2ms)
Completed 200 OK in 319ms (Views: 315.9ms | ActiveRecord: 0.5ms)


Started GET "/" for ::1 at 2020-07-27 16:13:18 -0400
Processing by StaticPagesController#root as HTML
  Rendering static_pages/root.html.erb within layouts/application
  [1m[36mUser Load (0.3ms)[0m  [1m[34mSELECT  "users".* FROM "users" WHERE "users"."session_token" IS NULL LIMIT $1[0m  [["LIMIT", 1]]
  ↳ app/controllers/application_controller.rb:5
  Rendered static_pages/root.html.erb within layouts/application (2.4ms)
Completed 200 OK in 300ms (Views: 297.8ms | ActiveRecord: 0.3ms)


Started POST "/api/verify_user" for ::1 at 2020-07-27 16:13:22 -0400
Processing by Api::UsersController#verify as JSON
  Parameters: {"user"=>{"email"=>"pkupchick@gmail.com"}}
  [1m[36mUser Load (0.4ms)[0m  [1m[34mSELECT  "users".* FROM "users" WHERE "users"."email" = $1 LIMIT $2[0m  [["email", "pkupchick@gmail.com"], ["LIMIT", 1]]
  ↳ app/controllers/api/users_controller.rb:28
  Rendering api/users/show.json.jbuilder
  Rendered api/users/_user.json.jbuilder (0.3ms)
  Rendered api/users/show.json.jbuilder (2.1ms)
Completed 200 OK in 13ms (Views: 11.0ms | ActiveRecord: 0.4ms)


Started POST "/api/verify_user" for ::1 at 2020-07-27 16:13:24 -0400
Processing by Api::UsersController#verify as JSON
  Parameters: {"user"=>{"email"=>"pkupchick@gmail.com"}}
  [1m[36mUser Load (0.4ms)[0m  [1m[34mSELECT  "users".* FROM "users" WHERE "users"."email" = $1 LIMIT $2[0m  [["email", "pkupchick@gmail.com"], ["LIMIT", 1]]
  ↳ app/controllers/api/users_controller.rb:28
  Rendering api/users/show.json.jbuilder
  Rendered api/users/_user.json.jbuilder (0.2ms)
  Rendered api/users/show.json.jbuilder (1.4ms)
Completed 200 OK in 11ms (Views: 9.1ms | ActiveRecord: 0.4ms)


Started POST "/api/verify_user" for ::1 at 2020-07-27 16:13:25 -0400
Processing by Api::UsersController#verify as JSON
  Parameters: {"user"=>{"email"=>"pkupchick@gmail.com"}}
  [1m[36mUser Load (0.3ms)[0m  [1m[34mSELECT  "users".* FROM "users" WHERE "users"."email" = $1 LIMIT $2[0m  [["email", "pkupchick@gmail.com"], ["LIMIT", 1]]
  ↳ app/controllers/api/users_controller.rb:28
  Rendering api/users/show.json.jbuilder
  Rendered api/users/_user.json.jbuilder (1.0ms)
  Rendered api/users/show.json.jbuilder (2.3ms)
Completed 200 OK in 12ms (Views: 10.7ms | ActiveRecord: 0.3ms)


Started GET "/" for ::1 at 2020-07-27 16:14:10 -0400
Processing by StaticPagesController#root as HTML
  Rendering static_pages/root.html.erb within layouts/application
  [1m[36mUser Load (0.3ms)[0m  [1m[34mSELECT  "users".* FROM "users" WHERE "users"."session_token" IS NULL LIMIT $1[0m  [["LIMIT", 1]]
  ↳ app/controllers/application_controller.rb:5
  Rendered static_pages/root.html.erb within layouts/application (1.8ms)
Completed 200 OK in 282ms (Views: 279.9ms | ActiveRecord: 0.3ms)


Started POST "/api/verify_user" for ::1 at 2020-07-27 16:14:16 -0400
Processing by Api::UsersController#verify as JSON
  Parameters: {"user"=>{"email"=>"pkupchick@gmail.com"}}
  [1m[36mUser Load (0.4ms)[0m  [1m[34mSELECT  "users".* FROM "users" WHERE "users"."email" = $1 LIMIT $2[0m  [["email", "pkupchick@gmail.com"], ["LIMIT", 1]]
  ↳ app/controllers/api/users_controller.rb:28
  Rendering api/users/show.json.jbuilder
  Rendered api/users/_user.json.jbuilder (0.2ms)
  Rendered api/users/show.json.jbuilder (1.4ms)
Completed 200 OK in 10ms (Views: 9.1ms | ActiveRecord: 0.4ms)


Started POST "/api/verify_user" for ::1 at 2020-07-27 16:14:17 -0400
Processing by Api::UsersController#verify as JSON
  Parameters: {"user"=>{"email"=>"pkupchick@gmail.com"}}
  [1m[36mUser Load (0.3ms)[0m  [1m[34mSELECT  "users".* FROM "users" WHERE "users"."email" = $1 LIMIT $2[0m  [["email", "pkupchick@gmail.com"], ["LIMIT", 1]]
  ↳ app/controllers/api/users_controller.rb:28
  Rendering api/users/show.json.jbuilder
  Rendered api/users/_user.json.jbuilder (0.4ms)
  Rendered api/users/show.json.jbuilder (2.1ms)
Completed 200 OK in 11ms (Views: 9.9ms | ActiveRecord: 0.3ms)


Started GET "/" for ::1 at 2020-07-27 16:17:48 -0400
Processing by StaticPagesController#root as HTML
  Rendering static_pages/root.html.erb within layouts/application
  [1m[36mUser Load (0.5ms)[0m  [1m[34mSELECT  "users".* FROM "users" WHERE "users"."session_token" IS NULL LIMIT $1[0m  [["LIMIT", 1]]
  ↳ app/controllers/application_controller.rb:5
  Rendered static_pages/root.html.erb within layouts/application (2.4ms)
Completed 200 OK in 41ms (Views: 38.9ms | ActiveRecord: 0.5ms)


Started POST "/api/verify_user" for ::1 at 2020-07-27 16:18:09 -0400
Processing by Api::UsersController#verify as JSON
  Parameters: {"user"=>{"email"=>"pkupchick@gmail.com"}}
  [1m[36mUser Load (0.3ms)[0m  [1m[34mSELECT  "users".* FROM "users" WHERE "users"."email" = $1 LIMIT $2[0m  [["email", "pkupchick@gmail.com"], ["LIMIT", 1]]
  ↳ app/controllers/api/users_controller.rb:28
  Rendering api/users/show.json.jbuilder
  Rendered api/users/_user.json.jbuilder (0.3ms)
  Rendered api/users/show.json.jbuilder (2.4ms)
Completed 200 OK in 12ms (Views: 11.0ms | ActiveRecord: 0.3ms)


Started POST "/api/verify_user" for ::1 at 2020-07-27 16:18:20 -0400
Processing by Api::UsersController#verify as JSON
  Parameters: {"user"=>{"email"=>"pkupchick@gmail.com"}}
  [1m[36mUser Load (0.2ms)[0m  [1m[34mSELECT  "users".* FROM "users" WHERE "users"."email" = $1 LIMIT $2[0m  [["email", "pkupchick@gmail.com"], ["LIMIT", 1]]
  ↳ app/controllers/api/users_controller.rb:28
  Rendering api/users/show.json.jbuilder
  Rendered api/users/_user.json.jbuilder (0.3ms)
  Rendered api/users/show.json.jbuilder (2.2ms)
Completed 200 OK in 11ms (Views: 9.7ms | ActiveRecord: 0.2ms)


Started POST "/api/verify_user" for ::1 at 2020-07-27 16:18:21 -0400
Processing by Api::UsersController#verify as JSON
  Parameters: {"user"=>{"email"=>"pkupchick@gmail.com"}}
  [1m[36mUser Load (0.2ms)[0m  [1m[34mSELECT  "users".* FROM "users" WHERE "users"."email" = $1 LIMIT $2[0m  [["email", "pkupchick@gmail.com"], ["LIMIT", 1]]
  ↳ app/controllers/api/users_controller.rb:28
  Rendering api/users/show.json.jbuilder
  Rendered api/users/_user.json.jbuilder (0.4ms)
  Rendered api/users/show.json.jbuilder (1.6ms)
Completed 200 OK in 12ms (Views: 10.0ms | ActiveRecord: 0.2ms)


Started GET "/" for ::1 at 2020-07-27 16:21:59 -0400
Processing by StaticPagesController#root as HTML
  Rendering static_pages/root.html.erb within layouts/application
  [1m[36mUser Load (0.3ms)[0m  [1m[34mSELECT  "users".* FROM "users" WHERE "users"."session_token" IS NULL LIMIT $1[0m  [["LIMIT", 1]]
  ↳ app/controllers/application_controller.rb:5
  Rendered static_pages/root.html.erb within layouts/application (2.3ms)
Completed 200 OK in 49ms (Views: 46.4ms | ActiveRecord: 0.3ms)


Started POST "/api/verify_user" for ::1 at 2020-07-27 16:22:06 -0400
Processing by Api::UsersController#verify as JSON
  Parameters: {"user"=>{"email"=>"john@gmail.com"}}
  [1m[36mUser Load (0.3ms)[0m  [1m[34mSELECT  "users".* FROM "users" WHERE "users"."email" = $1 LIMIT $2[0m  [["email", "john@gmail.com"], ["LIMIT", 1]]
  ↳ app/controllers/api/users_controller.rb:28
Completed 200 OK in 1ms (Views: 0.3ms | ActiveRecord: 0.3ms)


Started GET "/" for ::1 at 2020-07-27 16:51:00 -0400
Processing by StaticPagesController#root as HTML
  Rendering static_pages/root.html.erb within layouts/application
  [1m[36mUser Load (0.6ms)[0m  [1m[34mSELECT  "users".* FROM "users" WHERE "users"."session_token" IS NULL LIMIT $1[0m  [["LIMIT", 1]]
  ↳ app/controllers/application_controller.rb:5
  Rendered static_pages/root.html.erb within layouts/application (11.4ms)
Completed 200 OK in 50ms (Views: 41.9ms | ActiveRecord: 5.2ms)


Started GET "/" for ::1 at 2020-07-27 16:53:40 -0400
Processing by StaticPagesController#root as HTML
  Rendering static_pages/root.html.erb within layouts/application
  [1m[36mUser Load (0.5ms)[0m  [1m[34mSELECT  "users".* FROM "users" WHERE "users"."session_token" IS NULL LIMIT $1[0m  [["LIMIT", 1]]
  ↳ app/controllers/application_controller.rb:5
  Rendered static_pages/root.html.erb within layouts/application (2.2ms)
Completed 200 OK in 41ms (Views: 37.9ms | ActiveRecord: 0.5ms)


Started GET "/" for ::1 at 2020-07-27 16:57:27 -0400
Processing by StaticPagesController#root as HTML
  Rendering static_pages/root.html.erb within layouts/application
  [1m[36mUser Load (0.3ms)[0m  [1m[34mSELECT  "users".* FROM "users" WHERE "users"."session_token" IS NULL LIMIT $1[0m  [["LIMIT", 1]]
  ↳ app/controllers/application_controller.rb:5
  Rendered static_pages/root.html.erb within layouts/application (1.7ms)
Completed 200 OK in 348ms (Views: 344.1ms | ActiveRecord: 0.3ms)


Started GET "/" for ::1 at 2020-07-27 16:58:13 -0400
Processing by StaticPagesController#root as HTML
  Rendering static_pages/root.html.erb within layouts/application
  [1m[36mUser Load (0.3ms)[0m  [1m[34mSELECT  "users".* FROM "users" WHERE "users"."session_token" IS NULL LIMIT $1[0m  [["LIMIT", 1]]
  ↳ app/controllers/application_controller.rb:5
  Rendered static_pages/root.html.erb within layouts/application (1.7ms)
Completed 200 OK in 318ms (Views: 315.7ms | ActiveRecord: 0.3ms)


Started POST "/api/session" for ::1 at 2020-07-27 16:59:16 -0400
Processing by Api::SessionsController#create as JSON
  Parameters: {"user"=>{"user"=>{"email"=>"pkupchick@gmail.com", "password"=>"[FILTERED]"}}}
  [1m[36mUser Load (0.4ms)[0m  [1m[34mSELECT  "users".* FROM "users" WHERE "users"."email" IS NULL LIMIT $1[0m  [["LIMIT", 1]]
  ↳ app/models/user.rb:16
Completed 401 Unauthorized in 2ms (Views: 0.2ms | ActiveRecord: 0.4ms)


Started GET "/" for ::1 at 2020-07-27 16:59:49 -0400
Processing by StaticPagesController#root as HTML
  Rendering static_pages/root.html.erb within layouts/application
  [1m[36mUser Load (0.3ms)[0m  [1m[34mSELECT  "users".* FROM "users" WHERE "users"."session_token" IS NULL LIMIT $1[0m  [["LIMIT", 1]]
  ↳ app/controllers/application_controller.rb:5
  Rendered static_pages/root.html.erb within layouts/application (1.4ms)
Completed 200 OK in 26ms (Views: 23.2ms | ActiveRecord: 0.3ms)


Started POST "/api/session" for ::1 at 2020-07-27 17:00:13 -0400
Processing by Api::SessionsController#create as JSON
  Parameters: {"user"=>{"email"=>"pkupchick@gmail.com", "password"=>"[FILTERED]"}}
  [1m[36mUser Load (0.4ms)[0m  [1m[34mSELECT  "users".* FROM "users" WHERE "users"."email" = $1 LIMIT $2[0m  [["email", "pkupchick@gmail.com"], ["LIMIT", 1]]
  ↳ app/models/user.rb:16
  [1m[35m (0.2ms)[0m  [1m[35mBEGIN[0m
  ↳ app/models/user.rb:36
  [1m[36mUser Exists (0.4ms)[0m  [1m[34mSELECT  1 AS one FROM "users" WHERE "users"."email" = $1 AND "users"."id" != $2 LIMIT $3[0m  [["email", "pkupchick@gmail.com"], ["id", 1], ["LIMIT", 1]]
  ↳ app/models/user.rb:36
  [1m[36mUser Exists (0.2ms)[0m  [1m[34mSELECT  1 AS one FROM "users" WHERE "users"."session_token" = $1 AND "users"."id" != $2 LIMIT $3[0m  [["session_token", "3_WNtpJzl2s9Xz4RMZZhaQ"], ["id", 1], ["LIMIT", 1]]
  ↳ app/models/user.rb:36
  [1m[36mUser Update (0.5ms)[0m  [1m[33mUPDATE "users" SET "session_token" = $1, "updated_at" = $2 WHERE "users"."id" = $3[0m  [["session_token", "3_WNtpJzl2s9Xz4RMZZhaQ"], ["updated_at", "2020-07-27 21:00:14.212223"], ["id", 1]]
  ↳ app/models/user.rb:36
  [1m[35m (1.0ms)[0m  [1m[35mCOMMIT[0m
  ↳ app/models/user.rb:36
  Rendering api/users/show.json.jbuilder
  Rendered api/users/_user.json.jbuilder (0.2ms)
  Rendered api/users/show.json.jbuilder (1.3ms)
Completed 200 OK in 228ms (Views: 6.9ms | ActiveRecord: 10.2ms)


Started DELETE "/api/session" for ::1 at 2020-07-27 17:02:43 -0400
Processing by Api::SessionsController#destroy as JSON
  [1m[36mUser Load (5.4ms)[0m  [1m[34mSELECT  "users".* FROM "users" WHERE "users"."session_token" = $1 LIMIT $2[0m  [["session_token", "3_WNtpJzl2s9Xz4RMZZhaQ"], ["LIMIT", 1]]
  ↳ app/controllers/application_controller.rb:5
  [1m[36mCACHE User Load (0.0ms)[0m  [1m[34mSELECT  "users".* FROM "users" WHERE "users"."session_token" = $1 LIMIT $2[0m  [["session_token", "3_WNtpJzl2s9Xz4RMZZhaQ"], ["LIMIT", 1]]
  ↳ app/controllers/application_controller.rb:5
  [1m[35m (0.1ms)[0m  [1m[35mBEGIN[0m
  ↳ app/models/user.rb:36
  [1m[36mUser Exists (0.4ms)[0m  [1m[34mSELECT  1 AS one FROM "users" WHERE "users"."email" = $1 AND "users"."id" != $2 LIMIT $3[0m  [["email", "pkupchick@gmail.com"], ["id", 1], ["LIMIT", 1]]
  ↳ app/models/user.rb:36
  [1m[36mUser Exists (0.4ms)[0m  [1m[34mSELECT  1 AS one FROM "users" WHERE "users"."session_token" = $1 AND "users"."id" != $2 LIMIT $3[0m  [["session_token", "R0gtV4pDLYHRWktx0d4C_g"], ["id", 1], ["LIMIT", 1]]
  ↳ app/models/user.rb:36
  [1m[36mUser Update (0.5ms)[0m  [1m[33mUPDATE "users" SET "session_token" = $1, "updated_at" = $2 WHERE "users"."id" = $3[0m  [["session_token", "R0gtV4pDLYHRWktx0d4C_g"], ["updated_at", "2020-07-27 21:02:43.548707"], ["id", 1]]
  ↳ app/models/user.rb:36
  [1m[35m (0.6ms)[0m  [1m[35mCOMMIT[0m
  ↳ app/models/user.rb:36
Completed 200 OK in 13ms (Views: 0.2ms | ActiveRecord: 7.4ms)


Started GET "/" for ::1 at 2020-07-27 17:03:41 -0400
Processing by StaticPagesController#root as HTML
  Rendering static_pages/root.html.erb within layouts/application
  [1m[36mUser Load (0.3ms)[0m  [1m[34mSELECT  "users".* FROM "users" WHERE "users"."session_token" IS NULL LIMIT $1[0m  [["LIMIT", 1]]
  ↳ app/controllers/application_controller.rb:5
  Rendered static_pages/root.html.erb within layouts/application (1.5ms)
Completed 200 OK in 32ms (Views: 28.8ms | ActiveRecord: 0.3ms)


Started GET "/" for ::1 at 2020-07-27 17:04:12 -0400
Processing by StaticPagesController#root as HTML
  Rendering static_pages/root.html.erb within layouts/application
  [1m[36mUser Load (0.2ms)[0m  [1m[34mSELECT  "users".* FROM "users" WHERE "users"."session_token" IS NULL LIMIT $1[0m  [["LIMIT", 1]]
  ↳ app/controllers/application_controller.rb:5
  Rendered static_pages/root.html.erb within layouts/application (1.7ms)
Completed 200 OK in 34ms (Views: 31.2ms | ActiveRecord: 0.2ms)


